<?xml version="1.0" encoding="UTF-8"?>
<testsuite name="demoqaRegistrationTest" tests="1" skipped="0" failures="0" errors="0" timestamp="2021-09-26T10:15:44" hostname="Eugenes-MacBook-Air.local" time="9.149">
  <properties/>
  <testcase name="positiveFillTest()" classname="demoqaRegistrationTest" time="9.149"/>
  <system-out><![CDATA[]]></system-out>
  <system-err><![CDATA[SLF4J: Failed to load class "org.slf4j.impl.StaticLoggerBinder".
SLF4J: Defaulting to no-operation (NOP) logger implementation
SLF4J: See http://www.slf4j.org/codes.html#StaticLoggerBinder for further details.
Starting ChromeDriver 94.0.4606.41 (333e85df3c9b656b518b5f1add5ff246365b6c24-refs/branch-heads/4606@{#845}) on port 24927
Only local connections are allowed.
Please see https://chromedriver.chromium.org/security-considerations for suggestions on keeping ChromeDriver safe.
ChromeDriver was started successfully.
Sep 26, 2021 1:15:46 PM org.openqa.selenium.remote.ProtocolHandshake createSession
INFO: Detected dialect: W3C
]]></system-err>
</testsuite>
